This is pdfTeX, Version 3.14159265-2.6-1.40.19 (MiKTeX 2.9.6745 64-bit) (preloaded format=pdflatex 2018.7.12)  13 AUG 2018 15:19
entering extended mode
**"C:/humanoidsheight-master/humanoidsheight/LaTeXthesis/DCSC Literature Style/
modeling.tex"

("C:/humanoidsheight-master/humanoidsheight/LaTeXthesis/DCSC Literature Style/m
odeling.tex"
LaTeX2e <2018-04-01> patch level 5
! Undefined control sequence.
l.2 \chapter
            {Modeling \& Terminology}%
? 
! Emergency stop.
l.2 \chapter
            {Modeling \& Terminology}%
End of file on the terminal!

 
Here is how much of TeX's memory you used:
 8 strings out of 492973
 400 string characters out of 3135920
 56021 words of memory out of 3000000
 3978 multiletter control sequences out of 15000+200000
 3640 words of font info for 14 fonts, out of 3000000 for 9000
 1141 hyphenation exceptions out of 8191
 5i,0n,1p,128b,8s stack positions out of 5000i,500n,10000p,200000b,50000s
!  ==> Fatal error occurred, no output PDF file produced!
