\BOOKMARK [-1][]{frontmatter_anchor.-1}{Front Matter}{}% 1
\BOOKMARK [0][-]{cover_anchor.0}{Cover Page}{frontmatter_anchor.-1}% 2
\BOOKMARK [0][-]{title_anchor.0}{Title Page}{frontmatter_anchor.-1}% 3
\BOOKMARK [0][-]{toc_anchor.0}{Table of Contents}{frontmatter_anchor.-1}% 4
\BOOKMARK [0][-]{lof_anchor.0}{List of Figures}{frontmatter_anchor.-1}% 5
\BOOKMARK [-1][]{mainmatter_anchor.-1}{Main Matter}{}% 6
\BOOKMARK [0][-]{chapter.1}{Introduction}{mainmatter_anchor.-1}% 7
\BOOKMARK [1][-]{section.1.1}{Motivation}{chapter.1}% 8
\BOOKMARK [1][-]{section.1.2}{Objective}{chapter.1}% 9
\BOOKMARK [0][-]{chapter.2}{Modeling \046 Terminology}{mainmatter_anchor.-1}% 10
\BOOKMARK [1][-]{section.2.1}{Walking Terminology}{chapter.2}% 11
\BOOKMARK [2][-]{subsection.2.1.1}{Single support phase}{section.2.1}% 12
\BOOKMARK [2][-]{subsection.2.1.2}{Double support phase}{section.2.1}% 13
\BOOKMARK [1][-]{section.2.2}{Full Robot Model}{chapter.2}% 14
\BOOKMARK [2][-]{subsection.2.2.1}{Current bipedal robots}{section.2.2}% 15
\BOOKMARK [2][-]{subsection.2.2.2}{Modeling}{section.2.2}% 16
\BOOKMARK [2][-]{subsection.2.2.3}{Simulation}{section.2.2}% 17
\BOOKMARK [1][-]{section.2.3}{LIP Models}{chapter.2}% 18
\BOOKMARK [2][-]{subsection.2.3.1}{Conservation of ELIP}{section.2.3}% 19
\BOOKMARK [2][-]{subsection.2.3.2}{The Instantaneous Capture Point \(ICP\)}{section.2.3}% 20
\BOOKMARK [1][-]{section.2.4}{Humanoid Robot Terminology}{chapter.2}% 21
\BOOKMARK [2][-]{subsection.2.4.1}{The CoP}{section.2.4}% 22
\BOOKMARK [2][-]{subsection.2.4.2}{The ZMP}{section.2.4}% 23
\BOOKMARK [2][-]{subsection.2.4.3}{The CMP}{section.2.4}% 24
\BOOKMARK [2][-]{subsection.2.4.4}{Linear momentum rate}{section.2.4}% 25
\BOOKMARK [2][-]{subsection.2.4.5}{Other points}{section.2.4}% 26
\BOOKMARK [1][-]{section.2.5}{Analysis \046 Discussion}{chapter.2}% 27
\BOOKMARK [0][-]{chapter.3}{Planning, Control \046 State Estimation}{mainmatter_anchor.-1}% 28
\BOOKMARK [1][-]{section.3.1}{Planning}{chapter.3}% 29
\BOOKMARK [2][-]{subsection.3.1.1}{Footstep planning}{section.3.1}% 30
\BOOKMARK [2][-]{subsection.3.1.2}{Dynamic planning}{section.3.1}% 31
\BOOKMARK [2][-]{subsection.3.1.3}{Swing leg trajectories}{section.3.1}% 32
\BOOKMARK [1][-]{section.3.2}{Control}{chapter.3}% 33
\BOOKMARK [2][-]{subsection.3.2.1}{High level control}{section.3.2}% 34
\BOOKMARK [2][-]{subsection.3.2.2}{Mid and low level control}{section.3.2}% 35
\BOOKMARK [2][-]{subsection.3.2.3}{Compliant control}{section.3.2}% 36
\BOOKMARK [1][-]{section.3.3}{State Estimation}{chapter.3}% 37
\BOOKMARK [1][-]{section.3.4}{Analysis \046 Discussion}{chapter.3}% 38
\BOOKMARK [0][-]{chapter.4}{Varying CoM Height}{mainmatter_anchor.-1}% 39
\BOOKMARK [1][-]{section.4.1}{Orbital Energy for Nonlinear CoM Trajectories}{chapter.4}% 40
\BOOKMARK [1][-]{section.4.2}{DCM for Varying Height}{chapter.4}% 41
\BOOKMARK [1][-]{section.4.3}{Other Approaches}{chapter.4}% 42
\BOOKMARK [1][-]{section.4.4}{Trajectory Optimization for Nonlinear Systems}{chapter.4}% 43
\BOOKMARK [1][-]{section.4.5}{Analysis \046 Discussion}{chapter.4}% 44
\BOOKMARK [0][-]{chapter.5}{Conclusion}{mainmatter_anchor.-1}% 45
\BOOKMARK [-1][]{backmatter_anchor.-1}{Back Matter}{}% 46
\BOOKMARK [0][-]{section*.76}{Bibliography}{backmatter_anchor.-1}% 47
\BOOKMARK [0][-]{chapter*.78}{Glossary}{backmatter_anchor.-1}% 48
\BOOKMARK [1][-]{section*.79}{List of Acronyms}{chapter*.78}% 49
\BOOKMARK [1][-]{section*.81}{List of Symbols}{chapter*.78}% 50
