This is pdfTeX, Version 3.14159265-2.6-1.40.19 (MiKTeX 2.9.6745 64-bit) (preloaded format=pdflatex 2018.7.12)  13 AUG 2018 19:20
entering extended mode
**"C:/humanoidsheight-master/humanoidsheight/LaTeXthesis/DCSC Literature Style/
mscLiterature.tex"

("C:/humanoidsheight-master/humanoidsheight/LaTeXthesis/DCSC Literature Style/m
scLiterature.tex"
LaTeX2e <2018-04-01> patch level 5
(mscLiterature.cls
Document Class: mscLiterature 12/03/2007 Standard Systems and Control Literatur
e Survey class
("C:\Program Files\MiKTeX 2.9\tex\latex\base\bk11.clo"
File: bk11.clo 2014/09/29 v1.4h Standard LaTeX file (size option)
)
\c@part=\count80
\c@chapter=\count81
\c@section=\count82
\c@subsection=\count83
\c@subsubsection=\count84
\c@paragraph=\count85
\c@subparagraph=\count86
\c@figure=\count87
\c@table=\count88
\abovecaptionskip=\skip41
\belowcaptionskip=\skip42
\bibindent=\dimen102

("C:\Program Files\MiKTeX 2.9\tex\latex\base\fontenc.sty"
Package: fontenc 2017/04/05 v2.0i Standard LaTeX package

("C:\Program Files\MiKTeX 2.9\tex\latex\base\t1enc.def"
File: t1enc.def 2017/04/05 v2.0i Standard LaTeX file
LaTeX Font Info:    Redeclaring font encoding T1 on input line 48.
))
("C:\Program Files\MiKTeX 2.9\tex\latex\lm\lmodern.sty"
Package: lmodern 2009/10/30 v1.6 Latin Modern Fonts
LaTeX Font Info:    Overwriting symbol font `operators' in version `normal'
(Font)                  OT1/cmr/m/n --> OT1/lmr/m/n on input line 22.
LaTeX Font Info:    Overwriting symbol font `letters' in version `normal'
(Font)                  OML/cmm/m/it --> OML/lmm/m/it on input line 23.
LaTeX Font Info:    Overwriting symbol font `symbols' in version `normal'
(Font)                  OMS/cmsy/m/n --> OMS/lmsy/m/n on input line 24.
LaTeX Font Info:    Overwriting symbol font `largesymbols' in version `normal'
(Font)                  OMX/cmex/m/n --> OMX/lmex/m/n on input line 25.
LaTeX Font Info:    Overwriting symbol font `operators' in version `bold'
(Font)                  OT1/cmr/bx/n --> OT1/lmr/bx/n on input line 26.
LaTeX Font Info:    Overwriting symbol font `letters' in version `bold'
(Font)                  OML/cmm/b/it --> OML/lmm/b/it on input line 27.
LaTeX Font Info:    Overwriting symbol font `symbols' in version `bold'
(Font)                  OMS/cmsy/b/n --> OMS/lmsy/b/n on input line 28.
LaTeX Font Info:    Overwriting symbol font `largesymbols' in version `bold'
(Font)                  OMX/cmex/m/n --> OMX/lmex/m/n on input line 29.
LaTeX Font Info:    Overwriting math alphabet `\mathbf' in version `normal'
(Font)                  OT1/cmr/bx/n --> OT1/lmr/bx/n on input line 31.
LaTeX Font Info:    Overwriting math alphabet `\mathsf' in version `normal'
(Font)                  OT1/cmss/m/n --> OT1/lmss/m/n on input line 32.
LaTeX Font Info:    Overwriting math alphabet `\mathit' in version `normal'
(Font)                  OT1/cmr/m/it --> OT1/lmr/m/it on input line 33.
LaTeX Font Info:    Overwriting math alphabet `\mathtt' in version `normal'
(Font)                  OT1/cmtt/m/n --> OT1/lmtt/m/n on input line 34.
LaTeX Font Info:    Overwriting math alphabet `\mathbf' in version `bold'
(Font)                  OT1/cmr/bx/n --> OT1/lmr/bx/n on input line 35.
LaTeX Font Info:    Overwriting math alphabet `\mathsf' in version `bold'
(Font)                  OT1/cmss/bx/n --> OT1/lmss/bx/n on input line 36.
LaTeX Font Info:    Overwriting math alphabet `\mathit' in version `bold'
(Font)                  OT1/cmr/bx/it --> OT1/lmr/bx/it on input line 37.
LaTeX Font Info:    Overwriting math alphabet `\mathtt' in version `bold'
(Font)                  OT1/cmtt/m/n --> OT1/lmtt/m/n on input line 38.
)
("C:\Program Files\MiKTeX 2.9\tex\latex\amsmath\amsmath.sty"
Package: amsmath 2017/09/02 v2.17a AMS math features
\@mathmargin=\skip43

For additional information on amsmath, use the `?' option.
("C:\Program Files\MiKTeX 2.9\tex\latex\amsmath\amstext.sty"
Package: amstext 2000/06/29 v2.01 AMS text

("C:\Program Files\MiKTeX 2.9\tex\latex\amsmath\amsgen.sty"
File: amsgen.sty 1999/11/30 v2.0 generic functions
\@emptytoks=\toks14
\ex@=\dimen103
))
("C:\Program Files\MiKTeX 2.9\tex\latex\amsmath\amsbsy.sty"
Package: amsbsy 1999/11/29 v1.2d Bold Symbols
\pmbraise@=\dimen104
)
("C:\Program Files\MiKTeX 2.9\tex\latex\amsmath\amsopn.sty"
Package: amsopn 2016/03/08 v2.02 operator names
)
\inf@bad=\count89
LaTeX Info: Redefining \frac on input line 213.
\uproot@=\count90
\leftroot@=\count91
LaTeX Info: Redefining \overline on input line 375.
\classnum@=\count92
\DOTSCASE@=\count93
LaTeX Info: Redefining \ldots on input line 472.
LaTeX Info: Redefining \dots on input line 475.
LaTeX Info: Redefining \cdots on input line 596.
\Mathstrutbox@=\box26
\strutbox@=\box27
\big@size=\dimen105
LaTeX Font Info:    Redeclaring font encoding OML on input line 712.
LaTeX Font Info:    Redeclaring font encoding OMS on input line 713.
\macc@depth=\count94
\c@MaxMatrixCols=\count95
\dotsspace@=\muskip10
\c@parentequation=\count96
\dspbrk@lvl=\count97
\tag@help=\toks15
\row@=\count98
\column@=\count99
\maxfields@=\count100
\andhelp@=\toks16
\eqnshift@=\dimen106
\alignsep@=\dimen107
\tagshift@=\dimen108
\tagwidth@=\dimen109
\totwidth@=\dimen110
\lineht@=\dimen111
\@envbody=\toks17
\multlinegap=\skip44
\multlinetaggap=\skip45
\mathdisplay@stack=\toks18
LaTeX Info: Redefining \[ on input line 2817.
LaTeX Info: Redefining \] on input line 2818.
)
("C:\Program Files\MiKTeX 2.9\tex\latex\amsfonts\amssymb.sty"
Package: amssymb 2013/01/14 v3.01 AMS font symbols

("C:\Program Files\MiKTeX 2.9\tex\latex\amsfonts\amsfonts.sty"
Package: amsfonts 2013/01/14 v3.01 Basic AMSFonts support
\symAMSa=\mathgroup4
\symAMSb=\mathgroup5
LaTeX Font Info:    Overwriting math alphabet `\mathfrak' in version `bold'
(Font)                  U/euf/m/n --> U/euf/b/n on input line 106.
))
("C:\Program Files\MiKTeX 2.9\tex\latex\amscls\amsthm.sty"
Package: amsthm 2017/10/31 v2.20.4
\thm@style=\toks19
\thm@bodyfont=\toks20
\thm@headfont=\toks21
\thm@notefont=\toks22
\thm@headpunct=\toks23
\thm@preskip=\skip46
\thm@postskip=\skip47
\thm@headsep=\skip48
\dth@everypar=\toks24
)
("C:\Program Files\MiKTeX 2.9\tex\latex\a4wide\a4wide.sty"
Package: a4wide 1994/08/30

("C:\Program Files\MiKTeX 2.9\tex\latex\ntgclass\a4.sty"
Package: a4 2004/04/15 v1.2g A4 based page layout
))
("C:\Program Files\MiKTeX 2.9\tex\latex\fancyhdr\fancyhdr.sty"
Package: fancyhdr 2017/06/30 v3.9a Extensive control of page headers and footer
s
\f@nch@headwidth=\skip49
\f@nch@O@elh=\skip50
\f@nch@O@erh=\skip51
\f@nch@O@olh=\skip52
\f@nch@O@orh=\skip53
\f@nch@O@elf=\skip54
\f@nch@O@erf=\skip55
\f@nch@O@olf=\skip56
\f@nch@O@orf=\skip57
)
("C:\Program Files\MiKTeX 2.9\tex\latex\fncychap\fncychap.sty"
Package: fncychap 2007/07/30 v1.34 LaTeX package (Revised chapters)
\RW=\skip58
\mylen=\skip59
\myhi=\skip60
\px=\skip61
\py=\skip62
\pyy=\skip63
\pxx=\skip64
)
("C:\Program Files\MiKTeX 2.9\tex\latex\graphics\graphicx.sty"
Package: graphicx 2017/06/01 v1.1a Enhanced LaTeX Graphics (DPC,SPQR)

("C:\Program Files\MiKTeX 2.9\tex\latex\graphics\keyval.sty"
Package: keyval 2014/10/28 v1.15 key=value parser (DPC)
\KV@toks@=\toks25
)
("C:\Program Files\MiKTeX 2.9\tex\latex\graphics\graphics.sty"
Package: graphics 2017/06/25 v1.2c Standard LaTeX Graphics (DPC,SPQR)

("C:\Program Files\MiKTeX 2.9\tex\latex\graphics\trig.sty"
Package: trig 2016/01/03 v1.10 sin cos tan (DPC)
)
("C:\Program Files\MiKTeX 2.9\tex\latex\graphics-cfg\graphics.cfg"
File: graphics.cfg 2016/06/04 v1.11 sample graphics configuration
)
Package graphics Info: Driver file: pdftex.def on input line 99.

("C:\Program Files\MiKTeX 2.9\tex\latex\graphics-def\pdftex.def"
File: pdftex.def 2018/01/08 v1.0l Graphics/color driver for pdftex
))
\Gin@req@height=\dimen112
\Gin@req@width=\dimen113
)
("C:\Program Files\MiKTeX 2.9\tex\latex\graphics\color.sty"
Package: color 2016/07/10 v1.1e Standard LaTeX Color (DPC)

("C:\Program Files\MiKTeX 2.9\tex\latex\graphics-cfg\color.cfg"
File: color.cfg 2016/01/02 v1.6 sample color configuration
)
Package color Info: Driver file: pdftex.def on input line 147.
)
("C:\Program Files\MiKTeX 2.9\tex\latex\booktabs\booktabs.sty"
Package: booktabs 2005/04/14 v1.61803 publication quality tables
\heavyrulewidth=\dimen114
\lightrulewidth=\dimen115
\cmidrulewidth=\dimen116
\belowrulesep=\dimen117
\belowbottomsep=\dimen118
\aboverulesep=\dimen119
\abovetopsep=\dimen120
\cmidrulesep=\dimen121
\cmidrulekern=\dimen122
\defaultaddspace=\dimen123
\@cmidla=\count101
\@cmidlb=\count102
\@aboverulesep=\dimen124
\@belowrulesep=\dimen125
\@thisruleclass=\count103
\@lastruleclass=\count104
\@thisrulewidth=\dimen126
)
("C:\Program Files\MiKTeX 2.9\tex\latex\caption\caption.sty"
Package: caption 2018/05/01 v3.3-147 Customizing captions (AR)

("C:\Program Files\MiKTeX 2.9\tex\latex\caption\caption3.sty"
Package: caption3 2018/05/27 v1.8a caption3 kernel (AR)
Package caption3 Info: TeX engine: e-TeX on input line 64.
\captionmargin=\dimen127
\captionmargin@=\dimen128
\captionwidth=\dimen129
\caption@tempdima=\dimen130
\caption@indent=\dimen131
\caption@parindent=\dimen132
\caption@hangindent=\dimen133
)
\c@ContinuedFloat=\count105
)
("C:\Program Files\MiKTeX 2.9\tex\latex\nomencl\nomencl.sty"
Package: nomencl 2005/09/22 v4.2 Nomenclature package (LN)
\nomlabelwidth=\dimen134
\nom@tempdim=\dimen135
\nomitemsep=\skip65
)
("C:\Program Files\MiKTeX 2.9\tex\latex\base\makeidx.sty"
Package: makeidx 2014/09/29 v1.0m Standard LaTeX package
)
("C:\Program Files\MiKTeX 2.9\tex\latex\acronym\acronym.sty"
Package: acronym 2015/03/21 v1.41 Support for acronyms (Tobias Oetiker)

("C:\Program Files\MiKTeX 2.9\tex\latex\bigfoot\suffix.sty"
Package: suffix 2006/07/15 1.5a Variant command support
)
("C:\Program Files\MiKTeX 2.9\tex\latex\xstring\xstring.sty"
("C:\Program Files\MiKTeX 2.9\tex\generic\xstring\xstring.tex"
\@xs@message=\write3
\integerpart=\count106
\decimalpart=\count107
)
Package: xstring 2013/10/13  v1.7c  String manipulations (C Tellechea)
)
\AC@clearlist=\toks26
)
("C:\Program Files\MiKTeX 2.9\tex\latex\base\ifthen.sty"
Package: ifthen 2014/09/29 v1.1c Standard LaTeX ifthen package (DPC)
)
("C:\Program Files\MiKTeX 2.9\tex\latex\eso-pic\eso-pic.sty"
Package: eso-pic 2018/04/12 v2.0h eso-pic (RN)

("C:\Program Files\MiKTeX 2.9\tex\generic\oberdiek\atbegshi.sty"
Package: atbegshi 2016/06/09 v1.18 At begin shipout hook (HO)

("C:\Program Files\MiKTeX 2.9\tex\generic\oberdiek\infwarerr.sty"
Package: infwarerr 2016/05/16 v1.4 Providing info/warning/error messages (HO)
)
("C:\Program Files\MiKTeX 2.9\tex\generic\oberdiek\ltxcmds.sty"
Package: ltxcmds 2016/05/16 v1.23 LaTeX kernel commands for general use (HO)
)
("C:\Program Files\MiKTeX 2.9\tex\generic\oberdiek\ifpdf.sty"
Package: ifpdf 2017/03/15 v3.2 Provides the ifpdf switch
)))
("C:\Program Files\MiKTeX 2.9\tex\latex\relsize\relsize.sty"
Package: relsize 2013/03/29 ver 4.1
)
("C:\Program Files\MiKTeX 2.9\tex\latex\listings\listings.sty"
\lst@mode=\count108
\lst@gtempboxa=\box28
\lst@token=\toks27
\lst@length=\count109
\lst@currlwidth=\dimen136
\lst@column=\count110
\lst@pos=\count111
\lst@lostspace=\dimen137
\lst@width=\dimen138
\lst@newlines=\count112
\lst@lineno=\count113
\lst@maxwidth=\dimen139

("C:\Program Files\MiKTeX 2.9\tex\latex\listings\lstmisc.sty"
File: lstmisc.sty 2015/06/04 1.6 (Carsten Heinz)
\c@lstnumber=\count114
\lst@skipnumbers=\count115
\lst@framebox=\box29
)
("C:\Program Files\MiKTeX 2.9\tex\latex\listings\listings.cfg"
File: listings.cfg 2015/06/04 1.6 listings configuration
))
Package: listings 2015/06/04 1.6 (Carsten Heinz)

("C:\Program Files\MiKTeX 2.9\tex\latex\xcolor\xcolor.sty"
Package: xcolor 2016/05/11 v2.12 LaTeX color extensions (UK)

("C:\Program Files\MiKTeX 2.9\tex\latex\graphics-cfg\color.cfg"
File: color.cfg 2016/01/02 v1.6 sample color configuration
)
Package xcolor Info: Driver file: pdftex.def on input line 225.
LaTeX Info: Redefining \color on input line 709.
Package xcolor Info: Model `cmy' substituted by `cmy0' on input line 1348.
Package xcolor Info: Model `hsb' substituted by `rgb' on input line 1352.
Package xcolor Info: Model `RGB' extended on input line 1364.
Package xcolor Info: Model `HTML' substituted by `rgb' on input line 1366.
Package xcolor Info: Model `Hsb' substituted by `hsb' on input line 1367.
Package xcolor Info: Model `tHsb' substituted by `hsb' on input line 1368.
Package xcolor Info: Model `HSB' substituted by `hsb' on input line 1369.
Package xcolor Info: Model `Gray' substituted by `gray' on input line 1370.
Package xcolor Info: Model `wave' substituted by `hsb' on input line 1371.
)
("C:\Program Files\MiKTeX 2.9\tex\latex\listings\lstlang1.sty"
File: lstlang1.sty 2015/06/04 1.6 listings language file
)
("C:\Program Files\MiKTeX 2.9\tex\latex\hyperref\hyperref.sty"
Package: hyperref 2018/02/06 v6.86b Hypertext links for LaTeX

("C:\Program Files\MiKTeX 2.9\tex\generic\oberdiek\hobsub-hyperref.sty"
Package: hobsub-hyperref 2016/05/16 v1.14 Bundle oberdiek, subset hyperref (HO)


("C:\Program Files\MiKTeX 2.9\tex\generic\oberdiek\hobsub-generic.sty"
Package: hobsub-generic 2016/05/16 v1.14 Bundle oberdiek, subset generic (HO)
Package: hobsub 2016/05/16 v1.14 Construct package bundles (HO)
Package hobsub Info: Skipping package `infwarerr' (already loaded).
Package hobsub Info: Skipping package `ltxcmds' (already loaded).
Package: ifluatex 2016/05/16 v1.4 Provides the ifluatex switch (HO)
Package ifluatex Info: LuaTeX not detected.
Package: ifvtex 2016/05/16 v1.6 Detect VTeX and its facilities (HO)
Package ifvtex Info: VTeX not detected.
Package: intcalc 2016/05/16 v1.2 Expandable calculations with integers (HO)
Package hobsub Info: Skipping package `ifpdf' (already loaded).
Package: etexcmds 2016/05/16 v1.6 Avoid name clashes with e-TeX commands (HO)
Package etexcmds Info: Could not find \expanded.
(etexcmds)             That can mean that you are not using pdfTeX 1.50 or
(etexcmds)             that some package has redefined \expanded.
(etexcmds)             In the latter case, load this package earlier.
Package: kvsetkeys 2016/05/16 v1.17 Key value parser (HO)
Package: kvdefinekeys 2016/05/16 v1.4 Define keys (HO)
Package: pdftexcmds 2018/01/30 v0.27 Utility functions of pdfTeX for LuaTeX (HO
)
Package pdftexcmds Info: LuaTeX not detected.
Package pdftexcmds Info: \pdf@primitive is available.
Package pdftexcmds Info: \pdf@ifprimitive is available.
Package pdftexcmds Info: \pdfdraftmode found.
Package: pdfescape 2016/05/16 v1.14 Implements pdfTeX's escape features (HO)
Package: bigintcalc 2016/05/16 v1.4 Expandable calculations on big integers (HO
)
Package: bitset 2016/05/16 v1.2 Handle bit-vector datatype (HO)
Package: uniquecounter 2016/05/16 v1.3 Provide unlimited unique counter (HO)
)
Package hobsub Info: Skipping package `hobsub' (already loaded).
Package: letltxmacro 2016/05/16 v1.5 Let assignment for LaTeX macros (HO)
Package: hopatch 2016/05/16 v1.3 Wrapper for package hooks (HO)
Package: xcolor-patch 2016/05/16 xcolor patch
Package: atveryend 2016/05/16 v1.9 Hooks at the very end of document (HO)
Package atveryend Info: \enddocument detected (standard20110627).
Package hobsub Info: Skipping package `atbegshi' (already loaded).
Package: refcount 2016/05/16 v3.5 Data extraction from label references (HO)
Package: hycolor 2016/05/16 v1.8 Color options for hyperref/bookmark (HO)
)
("C:\Program Files\MiKTeX 2.9\tex\generic\ifxetex\ifxetex.sty"
Package: ifxetex 2010/09/12 v0.6 Provides ifxetex conditional
)
("C:\Program Files\MiKTeX 2.9\tex\latex\oberdiek\auxhook.sty"
Package: auxhook 2016/05/16 v1.4 Hooks for auxiliary files (HO)
)
("C:\Program Files\MiKTeX 2.9\tex\latex\oberdiek\kvoptions.sty"
Package: kvoptions 2016/05/16 v3.12 Key value format for package options (HO)
)
\@linkdim=\dimen140
\Hy@linkcounter=\count116
\Hy@pagecounter=\count117

("C:\Program Files\MiKTeX 2.9\tex\latex\hyperref\pd1enc.def"
File: pd1enc.def 2018/02/06 v6.86b Hyperref: PDFDocEncoding definition (HO)
Now handling font encoding PD1 ...
... no UTF-8 mapping file for font encoding PD1
)
\Hy@SavedSpaceFactor=\count118

("C:\Program Files\MiKTeX 2.9\tex\latex\00miktex\hyperref.cfg"
File: hyperref.cfg 2002/06/06 v1.2 hyperref configuration of TeXLive
)
Package hyperref Info: Hyper figures OFF on input line 4509.
Package hyperref Info: Link nesting OFF on input line 4514.
Package hyperref Info: Hyper index ON on input line 4517.
Package hyperref Info: Plain pages OFF on input line 4524.
Package hyperref Info: Backreferencing OFF on input line 4529.
Package hyperref Info: Implicit mode ON; LaTeX internals redefined.
Package hyperref Info: Bookmarks ON on input line 4762.
\c@Hy@tempcnt=\count119

("C:\Program Files\MiKTeX 2.9\tex\latex\url\url.sty"
\Urlmuskip=\muskip11
Package: url 2013/09/16  ver 3.4  Verb mode for urls, etc.
)
LaTeX Info: Redefining \url on input line 5115.
\XeTeXLinkMargin=\dimen141
\Fld@menulength=\count120
\Field@Width=\dimen142
\Fld@charsize=\dimen143
Package hyperref Info: Hyper figures OFF on input line 6369.
Package hyperref Info: Link nesting OFF on input line 6374.
Package hyperref Info: Hyper index ON on input line 6377.
Package hyperref Info: backreferencing OFF on input line 6384.
Package hyperref Info: Link coloring OFF on input line 6389.
Package hyperref Info: Link coloring with OCG OFF on input line 6394.
Package hyperref Info: PDF/A mode OFF on input line 6399.
LaTeX Info: Redefining \ref on input line 6439.
LaTeX Info: Redefining \pageref on input line 6443.
\Hy@abspage=\count121
\c@Item=\count122
\c@Hfootnote=\count123
)
Package hyperref Info: Driver (autodetected): hpdftex.

("C:\Program Files\MiKTeX 2.9\tex\latex\hyperref\hpdftex.def"
File: hpdftex.def 2018/02/06 v6.86b Hyperref driver for pdfTeX
\Fld@listcount=\count124
\c@bookmark@seq@number=\count125

("C:\Program Files\MiKTeX 2.9\tex\latex\oberdiek\rerunfilecheck.sty"
Package: rerunfilecheck 2016/05/16 v1.8 Rerun checks for auxiliary files (HO)
Package uniquecounter Info: New unique counter `rerunfilecheck' on input line 2
82.
)
\Hy@SectionHShift=\skip66
)
Package hyperref Info: Option `colorlinks' set `true' on input line 1426.
Package hyperref Info: Option `breaklinks' set `true' on input line 1426.
Package hyperref Info: Option `bookmarksnumbered' set `false' on input line 142
6.
Package hyperref Info: Option `bookmarksopen' set `true' on input line 1426.
)
("C:\Program Files\MiKTeX 2.9\tex\latex\caption\subcaption.sty"
Package: subcaption 2018/05/01 v1.1-162 Sub-captions (AR)
\c@subfigure=\count126
\c@subtable=\count127
)
("C:\Program Files\MiKTeX 2.9\tex\latex\wrapfig\wrapfig.sty"
\wrapoverhang=\dimen144
\WF@size=\dimen145
\c@WF@wrappedlines=\count128
\WF@box=\box30
\WF@everypar=\toks28
Package: wrapfig 2003/01/31  v 3.6
)
("C:\Program Files\MiKTeX 2.9\tex\latex\oberdiek\transparent.sty"
Package: transparent 2016/05/16 v1.1 Transparency via pdfTeX's color stack (HO)

)
\@nomenclaturefile=\write4
\openout4 = `mscLiterature.nlo'.


Writing nomenclature file mscLiterature.nlo
\@indexfile=\write5
\openout5 = `mscLiterature.idx'.

Writing index file mscLiterature.idx
(mscLiterature.aux (abstract.aux) (introduction.aux) (modeling.aux

LaTeX Warning: Label `eq:cp' multiply defined.

) (planningcontrol.aux) (varyingheight.aux) (conclusion.aux) (glossary.aux))
\openout1 = `mscLiterature.aux'.

LaTeX Font Info:    Checking defaults for OML/cmm/m/it on input line 40.
LaTeX Font Info:    ... okay on input line 40.
LaTeX Font Info:    Checking defaults for T1/cmr/m/n on input line 40.
LaTeX Font Info:    ... okay on input line 40.
LaTeX Font Info:    Checking defaults for OT1/cmr/m/n on input line 40.
LaTeX Font Info:    ... okay on input line 40.
LaTeX Font Info:    Checking defaults for OMS/cmsy/m/n on input line 40.
LaTeX Font Info:    ... okay on input line 40.
LaTeX Font Info:    Checking defaults for OMX/cmex/m/n on input line 40.
LaTeX Font Info:    ... okay on input line 40.
LaTeX Font Info:    Checking defaults for U/cmr/m/n on input line 40.
LaTeX Font Info:    ... okay on input line 40.
LaTeX Font Info:    Checking defaults for PD1/pdf/m/n on input line 40.
LaTeX Font Info:    ... okay on input line 40.
LaTeX Font Info:    Try loading font information for T1+lmr on input line 40.

("C:\Program Files\MiKTeX 2.9\tex\latex\lm\t1lmr.fd"
File: t1lmr.fd 2009/10/30 v1.6 Font defs for Latin Modern
)
("C:\Program Files\MiKTeX 2.9\tex\latex\oberdiek\epstopdf-base.sty"
Package: epstopdf-base 2016/05/15 v2.6 Base part for package epstopdf

("C:\Program Files\MiKTeX 2.9\tex\latex\oberdiek\grfext.sty"
Package: grfext 2016/05/16 v1.2 Manage graphics extensions (HO)
)
Package epstopdf-base Info: Redefining graphics rule for `.eps' on input line 4
38.
Package grfext Info: Graphics extension search list:
(grfext)             [.pdf,.png,.jpg,.mps,.jpeg,.jbig2,.jb2,.PDF,.PNG,.JPG,.JPE
G,.JBIG2,.JB2,.eps]
(grfext)             \AppendGraphicsExtensions on input line 456.
)
Package caption Info: Begin \AtBeginDocument code.
Package caption Info: hyperref package is loaded.
Package caption Info: listings package is loaded.
Package caption Info: wrapfig package is loaded.
Package caption Info: End \AtBeginDocument code.
\AtBeginShipoutBox=\box31
\c@lstlisting=\count129
Package hyperref Info: Link coloring ON on input line 40.

("C:\Program Files\MiKTeX 2.9\tex\latex\hyperref\nameref.sty"
Package: nameref 2016/05/21 v2.44 Cross-referencing by name of section

("C:\Program Files\MiKTeX 2.9\tex\generic\oberdiek\gettitlestring.sty"
Package: gettitlestring 2016/05/16 v1.5 Cleanup title references (HO)
)
\c@section@level=\count130
)
LaTeX Info: Redefining \ref on input line 40.
LaTeX Info: Redefining \pageref on input line 40.
LaTeX Info: Redefining \nameref on input line 40.

(mscLiterature.out) (mscLiterature.out)
\@outlinefile=\write6
\openout6 = `mscLiterature.out'.

LaTeX Font Info:    Try loading font information for T1+pbk on input line 48.

("C:\Program Files\MiKTeX 2.9\tex\latex\psnfss\t1pbk.fd"
File: t1pbk.fd 2001/06/04 font definitions for T1/pbk.
)
LaTeX Font Info:    Font shape `T1/pbk/m/n' in size <24.88> not available
(Font)              Font shape `T1/pbk/l/n' tried instead on input line 48.
LaTeX Font Info:    Font shape `T1/pbk/m/n' in size <14.4> not available
(Font)              Font shape `T1/pbk/l/n' tried instead on input line 48.
LaTeX Font Info:    Try loading font information for T1+lmss on input line 48.

("C:\Program Files\MiKTeX 2.9\tex\latex\lm\t1lmss.fd"
File: t1lmss.fd 2009/10/30 v1.6 Font defs for Latin Modern
)
<STYLESTUFF/COVER.jpg, id=203, 722.7pt x 963.6pt>
File: STYLESTUFF/COVER.jpg Graphic file (type jpg)
<use STYLESTUFF/COVER.jpg>
Package pdftex.def Info: STYLESTUFF/COVER.jpg  used on input line 48.
(pdftex.def)             Requested size: 597.51404pt x 845.07408pt.
<STYLESTUFF/TU_LOGO.png, id=204, 145.71439pt x 42.42851pt>
File: STYLESTUFF/TU_LOGO.png Graphic file (type png)
<use STYLESTUFF/TU_LOGO.png>
Package pdftex.def Info: STYLESTUFF/TU_LOGO.png  used on input line 48.
(pdftex.def)             Requested size: 145.714pt x 42.4284pt.
 [1{C:/Users/shadylady/AppData/Local/MiKTeX/2.9/pdftex/config/pdftex.map}



 <./STYLESTUFF/COVER.jpg> <./STYLESTUFF/TU_LOGO.png>] [2

]
LaTeX Font Info:    Try loading font information for OML+lmr on input line 48.
 ("C:\Program Files\MiKTeX 2.9\tex\latex\lm\omllmr.fd"
File: omllmr.fd 2009/10/30 v1.6 Font defs for Latin Modern
)
LaTeX Font Info:    Try loading font information for OML+lmm on input line 48.
 ("C:\Program Files\MiKTeX 2.9\tex\latex\lm\omllmm.fd"
File: omllmm.fd 2009/10/30 v1.6 Font defs for Latin Modern
)
LaTeX Font Info:    Font shape `OML/lmr/m/it' in size <14.4> not available
(Font)              Font shape `OML/lmm/m/it' tried instead on input line 48.
LaTeX Font Info:    Try loading font information for OT1+lmr on input line 48.

("C:\Program Files\MiKTeX 2.9\tex\latex\lm\ot1lmr.fd"
File: ot1lmr.fd 2009/10/30 v1.6 Font defs for Latin Modern
)
LaTeX Font Info:    Try loading font information for OMS+lmsy on input line 48.


("C:\Program Files\MiKTeX 2.9\tex\latex\lm\omslmsy.fd"
File: omslmsy.fd 2009/10/30 v1.6 Font defs for Latin Modern
)
LaTeX Font Info:    Try loading font information for OMX+lmex on input line 48.


("C:\Program Files\MiKTeX 2.9\tex\latex\lm\omxlmex.fd"
File: omxlmex.fd 2009/10/30 v1.6 Font defs for Latin Modern
)
LaTeX Font Info:    External font `lmex10' loaded for size
(Font)              <10.95> on input line 48.
LaTeX Font Info:    External font `lmex10' loaded for size
(Font)              <8> on input line 48.
LaTeX Font Info:    External font `lmex10' loaded for size
(Font)              <6> on input line 48.
LaTeX Font Info:    Try loading font information for U+msa on input line 48.

("C:\Program Files\MiKTeX 2.9\tex\latex\amsfonts\umsa.fd"
File: umsa.fd 2013/01/14 v3.01 AMS symbols A
)
LaTeX Font Info:    Try loading font information for U+msb on input line 48.

("C:\Program Files\MiKTeX 2.9\tex\latex\amsfonts\umsb.fd"
File: umsb.fd 2013/01/14 v3.01 AMS symbols B
) [3]
<STYLESTUFF/EXAMPLELOGO.png, id=228, 948.54375pt x 282.05376pt>
File: STYLESTUFF/EXAMPLELOGO.png Graphic file (type png)
<use STYLESTUFF/EXAMPLELOGO.png>
Package pdftex.def Info: STYLESTUFF/EXAMPLELOGO.png  used on input line 48.
(pdftex.def)             Requested size: 150.0pt x 44.60014pt.
File: STYLESTUFF/TU_LOGO.png Graphic file (type png)
<use STYLESTUFF/TU_LOGO.png>
Package pdftex.def Info: STYLESTUFF/TU_LOGO.png  used on input line 48.
(pdftex.def)             Requested size: 154.92813pt x 45.11449pt.
<STYLESTUFF/DCSC.png, id=229, 440.39531pt x 224.33812pt>
File: STYLESTUFF/DCSC.png Graphic file (type png)
<use STYLESTUFF/DCSC.png>
Package pdftex.def Info: STYLESTUFF/DCSC.png  used on input line 48.
(pdftex.def)             Requested size: 99.5964pt x 50.73405pt.

Overfull \hbox (121.93481pt too wide) in paragraph at lines 48--48
[]$[]$  $[]$ 
 []

LaTeX Font Info:    Try loading font information for OMS+lmr on input line 48.
("C:\Program Files\MiKTeX 2.9\tex\latex\lm\omslmr.fd"
File: omslmr.fd 2009/10/30 v1.6 Font defs for Latin Modern
)
LaTeX Font Info:    Font shape `OMS/lmr/m/n' in size <10.95> not available
(Font)              Font shape `OMS/lmsy/m/n' tried instead on input line 48.
 [4 <./STYLESTUFF/EXAMPLELOGO.png> <./STYLESTUFF/DCSC.png>]
\openout2 = `abstract.aux'.

 (abstract.tex
Package acronym Info: Label `acro:CoM' newly defined as it shall be overridden
although it is yet undefined on input line 5.
) [1



] [2


] (mscLiterature.toc
Package acronym Info: Label `acro:LIP' newly defined as it shall be overridden
although it is yet undefined on input line 12.
Package acronym Info: Label `acro:Elip' newly defined as it shall be overridden

although it is yet undefined on input line 13.
Package acronym Info: Label `acro:ICP' newly defined as it shall be overridden
although it is yet undefined on input line 14.
Package acronym Info: Label `acro:CoP' newly defined as it shall be overridden
although it is yet undefined on input line 17.
Package acronym Info: Label `acro:ZMP' newly defined as it shall be overridden
although it is yet undefined on input line 18.
Package acronym Info: Label `acro:CMP' newly defined as it shall be overridden
although it is yet undefined on input line 19.

[3]
Package acronym Info: Label `acro:DCM' newly defined as it shall be overridden
although it is yet undefined on input line 36.
)
\tf@toc=\write7
\openout7 = `mscLiterature.toc'.

 [4] (mscLiterature.lof
Package acronym Info: Label `acro:3D' newly defined as it shall be overridden
although it is yet undefined on input line 2.
Package acronym Info: Label `acro:SCS' newly defined as it shall be overridden
although it is yet undefined on input line 10.
Package acronym Info: Label `acro:2D' newly defined as it shall be overridden
although it is yet undefined on input line 13.
)
\tf@lof=\write8
\openout8 = `mscLiterature.lof'.

 [5



] [6

]
\openout2 = `introduction.aux'.

 (introduction.tex
Chapter 1.
Package acronym Info: Label `acro:LIP' overridden on input line 6.
Package acronym Info: Label `acro:CoM' overridden on input line 8.
Package acronym Info: Label `acro:2D' overridden on input line 9.
Package acronym Info: Label `acro:3D' overridden on input line 9.
<STYLESTUFF/3DCoMfootinertiaz0.png, id=428, 2323.68124pt x 1796.7125pt>
File: STYLESTUFF/3DCoMfootinertiaz0.png Graphic file (type png)
<use STYLESTUFF/3DCoMfootinertiaz0.png>
Package pdftex.def Info: STYLESTUFF/3DCoMfootinertiaz0.png  used on input line 
14.
(pdftex.def)             Requested size: 221.32687pt x 171.12811pt.
[1



]) [2 <./STYLESTUFF/3DCoMfootinertiaz0.png>]
\openout2 = `modeling.aux'.

 (modeling.tex
Chapter 2.
[3



]
<STYLESTUFF/AtlasNew.jpg, id=480, 642.14906pt x 857.45343pt>
File: STYLESTUFF/AtlasNew.jpg Graphic file (type jpg)
<use STYLESTUFF/AtlasNew.jpg>
Package pdftex.def Info: STYLESTUFF/AtlasNew.jpg  used on input line 19.
(pdftex.def)             Requested size: 81.44707pt x 108.75145pt.
<STYLESTUFF/AtlasOld.png, id=481, 277.78781pt x 369.63094pt>
File: STYLESTUFF/AtlasOld.png Graphic file (type png)
<use STYLESTUFF/AtlasOld.png>
Package pdftex.def Info: STYLESTUFF/AtlasOld.png  used on input line 25.
(pdftex.def)             Requested size: 81.44707pt x 108.37463pt.
<STYLESTUFF/Valkyrie.jpeg, id=482, 277.035pt x 369.38pt>
File: STYLESTUFF/Valkyrie.jpeg Graphic file (type jpg)
<use STYLESTUFF/Valkyrie.jpeg>
Package pdftex.def Info: STYLESTUFF/Valkyrie.jpeg  used on input line 31.
(pdftex.def)             Requested size: 81.44707pt x 108.59415pt.
<STYLESTUFF/ATRIAS.png, id=483, 135.50626pt x 180.675pt>
File: STYLESTUFF/ATRIAS.png Graphic file (type png)
<use STYLESTUFF/ATRIAS.png>
Package pdftex.def Info: STYLESTUFF/ATRIAS.png  used on input line 37.
(pdftex.def)             Requested size: 81.44707pt x 108.5988pt.

Underfull \hbox (badness 10000) in paragraph at lines 45--46

 []

[4 <./STYLESTUFF/AtlasNew.jpg> <./STYLESTUFF/AtlasOld.png> <./STYLESTUFF/Valkyr
ie.jpeg> <./STYLESTUFF/ATRIAS.png>]
Package acronym Info: Label `acro:SCS' overridden on input line 47.
Package acronym Info: Label `acro:LIP' overridden on input line 49.
Package acronym Info: Label `acro:2D' overridden on input line 50.
Package acronym Info: Label `acro:3D' overridden on input line 55.
Package acronym Info: Label `acro:CoM' overridden on input line 55.
<STYLESTUFF/3DCoMwithoutfoot.png, id=515, 2323.68124pt x 1759.57375pt>
File: STYLESTUFF/3DCoMwithoutfoot.png Graphic file (type png)
<use STYLESTUFF/3DCoMwithoutfoot.png>
Package pdftex.def Info: STYLESTUFF/3DCoMwithoutfoot.png  used on input line 58
.
(pdftex.def)             Requested size: 221.32687pt x 167.59082pt.
Package acronym Info: Label `acro:Elip' overridden on input line 63.
LaTeX Font Info:    External font `lmex10' loaded for size
(Font)              <12> on input line 63.


Package hyperref Warning: Token not allowed in a PDF string (PDFDocEncoding):
(hyperref)                removing `math shift' on input line 63.


Package hyperref Warning: Token not allowed in a PDF string (PDFDocEncoding):
(hyperref)                removing `subscript' on input line 63.


Package hyperref Warning: Token not allowed in a PDF string (PDFDocEncoding):
(hyperref)                removing `math shift' on input line 63.

[5 <./STYLESTUFF/3DCoMwithoutfoot.png>]
Package acronym Info: Label `acro:ICP' overridden on input line 71.
Package acronym Info: Label `acro:CP' newly defined as it shall be overridden
although it is yet undefined on input line 72.
<STYLESTUFF/2DICP.png, id=552, 1440.38126pt x 1303.87125pt>
File: STYLESTUFF/2DICP.png Graphic file (type png)
<use STYLESTUFF/2DICP.png>
Package pdftex.def Info: STYLESTUFF/2DICP.png  used on input line 80.
(pdftex.def)             Requested size: 177.05879pt x 160.27773pt.
 [6 <./STYLESTUFF/2DICP.png>]
Package acronym Info: Label `acro:CoP' overridden on input line 102.
<STYLESTUFF/3DCoMwithfoot.png, id=589, 2323.68124pt x 1759.57375pt>
File: STYLESTUFF/3DCoMwithfoot.png Graphic file (type png)
<use STYLESTUFF/3DCoMwithfoot.png>
Package pdftex.def Info: STYLESTUFF/3DCoMwithfoot.png  used on input line 106.
(pdftex.def)             Requested size: 221.32687pt x 167.59082pt.


LaTeX Warning: `h' float specifier changed to `ht'.

Package acronym Info: Label `acro:ZMP' overridden on input line 110.
Package acronym Info: Label `acro:CMP' overridden on input line 114.
[7]
<STYLESTUFF/3DCoMwithfootinertia.png, id=636, 2323.68124pt x 1796.7125pt>
File: STYLESTUFF/3DCoMwithfootinertia.png Graphic file (type png)
<use STYLESTUFF/3DCoMwithfootinertia.png>
Package pdftex.def Info: STYLESTUFF/3DCoMwithfootinertia.png  used on input lin
e 123.
(pdftex.def)             Requested size: 221.32687pt x 171.12811pt.


LaTeX Warning: `h' float specifier changed to `ht'.

Package acronym Info: Label `acro:eCMP' newly defined as it shall be overridden

although it is yet undefined on input line 135.
Package acronym Info: Label `acro:VRP' newly defined as it shall be overridden
although it is yet undefined on input line 135.
[8 <./STYLESTUFF/3DCoMwithfoot.png>]) [9 <./STYLESTUFF/3DCoMwithfootinertia.png
>]
\openout2 = `planningcontrol.aux'.

 (planningcontrol.tex [10



]
Chapter 3.
Package acronym Info: Label `acro:GUI' newly defined as it shall be overridden
although it is yet undefined on input line 10.
Package acronym Info: Label `acro:CoM' overridden on input line 13.
Package acronym Info: Label `acro:CoP' overridden on input line 13.
Package acronym Info: Label `acro:ICP' overridden on input line 13.
Package acronym Info: Label `acro:CMP' overridden on input line 13.
Package acronym Info: Label `acro:LIP' overridden on input line 13.
[11]
Package acronym Info: Label `acro:SCS' overridden on input line 16.
<STYLESTUFF/SCSValSS.png, id=709, 1257.19687pt x 398.99063pt>
File: STYLESTUFF/SCSValSS.png Graphic file (type png)
<use STYLESTUFF/SCSValSS.png>
Package pdftex.def Info: STYLESTUFF/SCSValSS.png  used on input line 20.
(pdftex.def)             Requested size: 354.12434pt x 112.3863pt.
Package acronym Info: Label `acro:HZD' newly defined as it shall be overridden
although it is yet undefined on input line 26.
Package acronym Info: Label `acro:2D' overridden on input line 26.
Package acronym Info: Label `acro:3D' overridden on input line 26.
 [12 <./STYLESTUFF/SCSValSS.png>]
<STYLESTUFF/controlframework.png, id=741, 1114.1625pt x 370.38374pt>
File: STYLESTUFF/controlframework.png Graphic file (type png)
<use STYLESTUFF/controlframework.png>
Package pdftex.def Info: STYLESTUFF/controlframework.png  used on input line 35
.
(pdftex.def)             Requested size: 354.12434pt x 117.72269pt.


LaTeX Warning: `h' float specifier changed to `ht'.

[13]
Package acronym Info: Label `acro:IMU' newly defined as it shall be overridden
although it is yet undefined on input line 43.
Package acronym Info: Label `acro:EKF' newly defined as it shall be overridden
although it is yet undefined on input line 43.
) [14 <./STYLESTUFF/controlframework.png>]
\openout2 = `varyingheight.aux'.

 (varyingheight.tex
Chapter 4.
Package acronym Info: Label `acro:CoP' overridden on input line 4.
Package acronym Info: Label `acro:LIP' overridden on input line 4.
Package acronym Info: Label `acro:CP' overridden on input line 4.
Package acronym Info: Label `acro:CoM' overridden on input line 4.
<STYLESTUFF/VaryingHeightCP.png, id=785, 1277.77374pt x 1355.0625pt>
File: STYLESTUFF/VaryingHeightCP.png Graphic file (type png)
<use STYLESTUFF/VaryingHeightCP.png>
Package pdftex.def Info: STYLESTUFF/VaryingHeightCP.png  used on input line 7.
(pdftex.def)             Requested size: 79.6759pt x 84.48442pt.
<STYLESTUFF/VaryingHeightflat.png, id=786, 2670.97874pt x 1419.3025pt>
File: STYLESTUFF/VaryingHeightflat.png Graphic file (type png)
<use STYLESTUFF/VaryingHeightflat.png>
Package pdftex.def Info: STYLESTUFF/VaryingHeightflat.png  used on input line 9
.
(pdftex.def)             Requested size: 163.16446pt x 86.69211pt.
<STYLESTUFF/VaryingHeightunflat.png, id=787, 2565.585pt x 1617.04124pt>
File: STYLESTUFF/VaryingHeightunflat.png Graphic file (type png)
<use STYLESTUFF/VaryingHeightunflat.png>
Package pdftex.def Info: STYLESTUFF/VaryingHeightunflat.png  used on input line
 11.
(pdftex.def)             Requested size: 158.11835pt x 99.6584pt.
Package acronym Info: Label `acro:2D' overridden on input line 13.
<STYLESTUFF/2Dnonlin.png, id=797, 849.1725pt x 1303.87125pt>
File: STYLESTUFF/2Dnonlin.png Graphic file (type png)
<use STYLESTUFF/2Dnonlin.png>
Package pdftex.def Info: STYLESTUFF/2Dnonlin.png  used on input line 19.
(pdftex.def)             Requested size: 66.39536pt x 101.94427pt.
[15



 <./STYLESTUFF/VaryingHeightCP.png> <./STYLESTUFF/VaryingHeightflat.png> <./STY
LESTUFF/VaryingHeightunflat.png>]
Package acronym Info: Label `acro:Elip' overridden on input line 38.
Package acronym Info: Label `acro:Eorbit' newly defined as it shall be overridd
en
although it is yet undefined on input line 38.
Package acronym Info: Label `acro:MPC' newly defined as it shall be overridden
although it is yet undefined on input line 39.
Package acronym Info: Label `acro:DCM' overridden on input line 41.
Package acronym Info: Label `acro:ICP' overridden on input line 42.
Package acronym Info: Label `acro:ZMP' overridden on input line 42.
 [16 <./STYLESTUFF/2Dnonlin.png>]
Package acronym Info: Label `acro:3D' overridden on input line 48.
Package acronym Info: Label `acro:SLIP' newly defined as it shall be overridden

although it is yet undefined on input line 69.
Package acronym Info: Label `acro:HZD' overridden on input line 70.

Underfull \hbox (badness 10000) in paragraph at lines 67--72

 []

[17] [18] [19]) [20]
\openout2 = `conclusion.aux'.

 (conclusion.tex
Chapter 5.
Package acronym Info: Label `acro:LIP' overridden on input line 4.
Package acronym Info: Label `acro:CoM' overridden on input line 5.
Package acronym Info: Label `acro:2D' overridden on input line 9.
Package acronym Info: Label `acro:3D' overridden on input line 9.
Package acronym Info: Label `acro:MPC' overridden on input line 15.
Package acronym Info: Label `acro:Eorbit' overridden on input line 18.
) [21



] [22] (mscLiterature.bbl [23




]
LaTeX Font Info:    Try loading font information for T1+lmtt on input line 100.


("C:\Program Files\MiKTeX 2.9\tex\latex\lm\t1lmtt.fd"
File: t1lmtt.fd 2009/10/30 v1.6 Font defs for Latin Modern
)
Underfull \hbox (badness 10000) in paragraph at lines 108--111
[]\T1/lmr/m/n/10.95 ``Image of the Valkyrie hu-manoid robot.'' [][]$\T1/lmtt/m/
n/10.95 https :
 []


Underfull \hbox (badness 10000) in paragraph at lines 108--111
\T1/lmtt/m/n/10.95 / / spectrum . ieee . org / automaton / robotics / humanoids
 /
 []


Underfull \hbox (badness 1184) in paragraph at lines 108--111
\T1/lmtt/m/n/10.95 video-[]friday-[]ihmc-[]valkyrie-[]harvard-[]arthropods-[]fl
ying-[]wheeled-[]robot$[][]\T1/lmr/m/n/10.95 .  Ac-
 []

[24] [25]) [26]
\openout2 = `glossary.aux'.

 (glossary.tex
No file mscLiterature.nls.
) [27



] [28]
No file mscLiterature.ind.
Package atveryend Info: Empty hook `BeforeClearDocument' on input line 86.
Package atveryend Info: Empty hook `AfterLastShipout' on input line 86.
(mscLiterature.aux (abstract.aux) (introduction.aux) (modeling.aux)
(planningcontrol.aux) (varyingheight.aux) (conclusion.aux) (glossary.aux))
Package atveryend Info: Executing hook `AtVeryEndDocument' on input line 86.
Package atveryend Info: Executing hook `AtEndAfterFileList' on input line 86.
Package rerunfilecheck Info: File `mscLiterature.out' has not changed.
(rerunfilecheck)             Checksum: C387555C4179222C7505427C2FC7D164;3514.


LaTeX Warning: There were multiply-defined labels.

Package atveryend Info: Empty hook `AtVeryVeryEnd' on input line 86.
 ) 
Here is how much of TeX's memory you used:
 10811 strings out of 492973
 160339 string characters out of 3135920
 267022 words of memory out of 3000000
 14142 multiletter control sequences out of 15000+200000
 96962 words of font info for 73 fonts, out of 3000000 for 9000
 1141 hyphenation exceptions out of 8191
 43i,15n,48p,1759b,520s stack positions out of 5000i,500n,10000p,200000b,50000s
{C:/Program Files/MiKTeX 2.9/fonts/enc/dvips/lm/lm-ec.enc}{C:/Program Files/M
iKTeX 2.9/fonts/enc/dvips/lm/lm-mathit.enc}{C:/Program Files/MiKTeX 2.9/fonts/e
nc/dvips/lm/lm-rm.enc}{C:/Program Files/MiKTeX 2.9/fonts/enc/dvips/lm/lm-mathsy
.enc}{C:/Program Files/MiKTeX 2.9/fonts/enc/dvips/lm/lm-mathex.enc}{C:/Program 
Files/MiKTeX 2.9/fonts/enc/dvips/base/8r.enc}<C:/Program Files/MiKTeX 2.9/fonts
/type1/public/lm/lmbsy10.pfb><C:/Program Files/MiKTeX 2.9/fonts/type1/public/lm
/lmbx10.pfb><C:/Program Files/MiKTeX 2.9/fonts/type1/public/lm/lmcsc10.pfb><C:/
Program Files/MiKTeX 2.9/fonts/type1/public/lm/lmex10.pfb><C:/Program Files/MiK
TeX 2.9/fonts/type1/public/lm/lmmi10.pfb><C:/Program Files/MiKTeX 2.9/fonts/typ
e1/public/lm/lmmi12.pfb><C:/Program Files/MiKTeX 2.9/fonts/type1/public/lm/lmmi
6.pfb><C:/Program Files/MiKTeX 2.9/fonts/type1/public/lm/lmmi8.pfb><C:/Program 
Files/MiKTeX 2.9/fonts/type1/public/lm/lmmib10.pfb><C:/Program Files/MiKTeX 2.9
/fonts/type1/public/lm/lmr10.pfb><C:/Program Files/MiKTeX 2.9/fonts/type1/publi
c/lm/lmr12.pfb><C:/Program Files/MiKTeX 2.9/fonts/type1/public/lm/lmr17.pfb><C:
/Program Files/MiKTeX 2.9/fonts/type1/public/lm/lmr6.pfb><C:/Program Files/MiKT
eX 2.9/fonts/type1/public/lm/lmr8.pfb><C:/Program Files/MiKTeX 2.9/fonts/type1/
public/lm/lmri10.pfb><C:/Program Files/MiKTeX 2.9/fonts/type1/public/lm/lmss10.
pfb><C:/Program Files/MiKTeX 2.9/fonts/type1/public/lm/lmss12.pfb><C:/Program F
iles/MiKTeX 2.9/fonts/type1/public/lm/lmssbx10.pfb><C:/Program Files/MiKTeX 2.9
/fonts/type1/public/lm/lmsy10.pfb><C:/Program Files/MiKTeX 2.9/fonts/type1/publ
ic/lm/lmsy8.pfb><C:/Program Files/MiKTeX 2.9/fonts/type1/public/lm/lmtt10.pfb><
C:/Program Files/MiKTeX 2.9/fonts/type1/urw/bookman/ubkl8a.pfb>
Output written on mscLiterature.pdf (38 pages, 4623072 bytes).
PDF statistics:
 1171 PDF objects out of 1200 (max. 8388607)
 243 named destinations out of 1000 (max. 500000)
 496 words of extra memory for PDF output out of 10000 (max. 10000000)

